#
# There is insufficient memory for the Java Runtime Environment to continue.
# Native memory allocation (mmap) failed to map 119537664 bytes for committing reserved memory.
# Possible reasons:
#   The system is out of physical RAM or swap space
#   In 32 bit mode, the process size limit was hit
# Possible solutions:
#   Reduce memory load on the system
#   Increase physical memory or swap space
#   Check if swap backing store is full
#   Use 64 bit Java on a 64 bit OS
#   Decrease Java heap size (-Xmx/-Xms)
#   Decrease number of Java threads
#   Decrease Java thread stack sizes (-Xss)
#   Set larger code cache with -XX:ReservedCodeCacheSize=
# This output file may be truncated or incomplete.
#
#  Out of Memory Error (os_linux.cpp:2640), pid=4844, tid=0x00007f30b8d6a700
#
# JRE version: Java(TM) SE Runtime Environment (8.0_162-b12) (build 1.8.0_162-b12)
# Java VM: Java HotSpot(TM) 64-Bit Server VM (25.162-b12 mixed mode linux-amd64 compressed oops)
# Core dump written. Default location: /home/martin/Dropbox/Java/Proyectos/IntelliJ/OrangePlayer/core or core.4844
#

---------------  T H R E A D  ---------------

Current thread (0x00007f30cc140800):  VMThread [stack: 0x00007f30b8c6b000,0x00007f30b8d6b000] [id=4850]

Stack: [0x00007f30b8c6b000,0x00007f30b8d6b000],  sp=0x00007f30b8d692c0,  free space=1016k
Native frames: (J=compiled Java code, j=interpreted, Vv=VM code, C=native code)
V  [libjvm.so+0xacfb2a]  VMError::report_and_die()+0x2ba
V  [libjvm.so+0x50060b]  report_vm_out_of_memory(char const*, int, unsigned long, VMErrorType, char const*)+0x8b
V  [libjvm.so+0x92d963]  os::Linux::commit_memory_impl(char*, unsigned long, bool)+0x123
V  [libjvm.so+0x92db89]  os::pd_commit_memory(char*, unsigned long, unsigned long, bool)+0x29
V  [libjvm.so+0x924e4a]  os::commit_memory(char*, unsigned long, unsigned long, bool)+0x2a
V  [libjvm.so+0x99adf3]  PSVirtualSpace::expand_by(unsigned long)+0x53
V  [libjvm.so+0x99c1f8]  PSYoungGen::resize_generation(unsigned long, unsigned long)+0xf8
V  [libjvm.so+0x99b352]  PSYoungGen::resize(unsigned long, unsigned long)+0x22
V  [libjvm.so+0x99862b]  PSScavenge::invoke_no_policy()+0xf3b
V  [libjvm.so+0x998db1]  PSScavenge::invoke()+0x41
V  [libjvm.so+0x94f880]  ParallelScavengeHeap::failed_mem_allocate(unsigned long)+0x70
V  [libjvm.so+0xad15a7]  VM_ParallelGCFailedAllocation::doit()+0x97
V  [libjvm.so+0xad90c5]  VM_Operation::evaluate()+0x55
V  [libjvm.so+0xad748a]  VMThread::evaluate_operation(VM_Operation*)+0xba
V  [libjvm.so+0xad780e]  VMThread::loop()+0x1ce
V  [libjvm.so+0xad7c80]  VMThread::run()+0x70
V  [libjvm.so+0x92dcc8]  java_start(Thread*)+0x108

VM_Operation (0x00007f30d5226250): ParallelGCFailedAllocation, mode: safepoint, requested by thread 0x00007f30cc00c000


---------------  P R O C E S S  ---------------

Java Threads: ( => current thread )
  0x00007f30cc307000 JavaThread "Service Thread" daemon [_thread_blocked, id=4858, stack(0x00007f308a503000,0x00007f308a604000)]
  0x00007f30cc304000 JavaThread "C1 CompilerThread2" daemon [_thread_blocked, id=4857, stack(0x00007f308bf00000,0x00007f308c000000)]
  0x00007f30cc301000 JavaThread "C2 CompilerThread1" daemon [_thread_blocked, id=4856, stack(0x00007f30b80fb000,0x00007f30b81fb000)]
  0x00007f30cc2ff800 JavaThread "C2 CompilerThread0" daemon [_thread_blocked, id=4855, stack(0x00007f30b81fc000,0x00007f30b82fc000)]
  0x00007f30cc2fd800 JavaThread "Monitor Ctrl-Break" daemon [_thread_in_native, id=4854, stack(0x00007f30b82fc000,0x00007f30b83fd000)]
  0x00007f30cc180000 JavaThread "Signal Dispatcher" daemon [_thread_blocked, id=4853, stack(0x00007f30b87cc000,0x00007f30b88cd000)]
  0x00007f30cc14d000 JavaThread "Finalizer" daemon [_thread_blocked, id=4852, stack(0x00007f30b8a68000,0x00007f30b8b69000)]
  0x00007f30cc148800 JavaThread "Reference Handler" daemon [_thread_blocked, id=4851, stack(0x00007f30b8b69000,0x00007f30b8c6a000)]
  0x00007f30cc00c000 JavaThread "main" [_thread_blocked, id=4845, stack(0x00007f30d5128000,0x00007f30d5228000)]

Other Threads:
=>0x00007f30cc140800 VMThread [stack: 0x00007f30b8c6b000,0x00007f30b8d6b000] [id=4850]
  0x00007f30cc30a000 WatcherThread [stack: 0x00007f308a403000,0x00007f308a503000] [id=4859]

VM state:at safepoint (normal execution)

VM Mutex/Monitor currently owned by a thread:  ([mutex/lock_event])
[0x00007f30cc009400] Threads_lock - owner thread: 0x00007f30cc140800
[0x00007f30cc009900] Heap_lock - owner thread: 0x00007f30cc00c000

Heap:
 PSYoungGen      total 129536K, used 163K [0x00000000d6f80000, 0x00000000df500000, 0x0000000100000000)
  eden space 122368K, 0% used [0x00000000d6f80000,0x00000000d6f80000,0x00000000de700000)
  from space 7168K, 2% used [0x00000000de700000,0x00000000de728c10,0x00000000dee00000)
  to   space 2048K, 0% used [0x00000000df300000,0x00000000df300000,0x00000000df500000)
 ParOldGen       total 261120K, used 187416K [0x0000000084e00000, 0x0000000094d00000, 0x00000000d6f80000)
  object space 261120K, 71% used [0x0000000084e00000,0x0000000090506220,0x0000000094d00000)
 Metaspace       used 3592K, capacity 4728K, committed 4864K, reserved 1056768K
  class space    used 395K, capacity 424K, committed 512K, reserved 1048576K

Card table byte_map: [0x00007f30d1eff000,0x00007f30d22d9000] byte_map_base: 0x00007f30d1ad8000

Marking Bits: (ParMarkBitMap*) 0x00007f30d462fca0
 Begin Bits: [0x00007f30b9270000, 0x00007f30bb138000)
 End Bits:   [0x00007f30bb138000, 0x00007f30bd000000)

Polling page: 0x00007f30d526f000

CodeCache: size=245760Kb used=1708Kb max_used=1718Kb free=244051Kb
 bounds [0x00007f30bd000000, 0x00007f30bd270000, 0x00007f30cc000000]
 total_blobs=444 nmethods=190 adapters=168
 compilation: enabled

Compilation events (10 events):
Event: 4,024 Thread 0x00007f30cc301000  187       4       java.util.HashMap$HashIterator::hasNext (13 bytes)
Event: 4,025 Thread 0x00007f30cc301000 nmethod 187 0x00007f30bd18dcd0 code [0x00007f30bd18de20, 0x00007f30bd18de98]
Event: 4,073 Thread 0x00007f30cc2ff800  188       4       java.util.HashMap$HashIterator::nextNode (100 bytes)
Event: 4,082 Thread 0x00007f30cc2ff800 nmethod 188 0x00007f30bd1a2f50 code [0x00007f30bd1a30a0, 0x00007f30bd1a3318]
Event: 4,123 Thread 0x00007f30cc301000  189       4       org.kc7bfi.jflac.io.BitInputStream::peekRawUInt (24 bytes)
Event: 4,127 Thread 0x00007f30cc301000 nmethod 189 0x00007f30bd19bc90 code [0x00007f30bd19bde0, 0x00007f30bd19bf68]
Event: 4,388 Thread 0x00007f30cc2ff800  190 %     4       org.kc7bfi.jflac.LPCPredictor::restoreSignal @ 15 (75 bytes)
Event: 4,389 Thread 0x00007f30cc304000  191       3       org.kc7bfi.jflac.frame.ChannelConstant::<init> (47 bytes)
Event: 4,390 Thread 0x00007f30cc304000 nmethod 191 0x00007f30bd1a2790 code [0x00007f30bd1a2920, 0x00007f30bd1a2ca8]
Event: 4,391 Thread 0x00007f30cc301000  192 %     4       org.kc7bfi.jflac.frame.ChannelConstant::<init> @ 20 (47 bytes)

GC Heap History (10 events):
Event: 2,310 GC heap after
Heap after GC invocations=3 (full 0):
 PSYoungGen      total 36864K, used 516K [0x00000000d6f80000, 0x00000000db780000, 0x0000000100000000)
  eden space 31744K, 0% used [0x00000000d6f80000,0x00000000d6f80000,0x00000000d8e80000)
  from space 5120K, 10% used [0x00000000d8e80000,0x00000000d8f01020,0x00000000d9380000)
  to   space 5120K, 0% used [0x00000000db280000,0x00000000db280000,0x00000000db780000)
 ParOldGen       total 84992K, used 29989K [0x0000000084e00000, 0x000000008a100000, 0x00000000d6f80000)
  object space 84992K, 35% used [0x0000000084e00000,0x0000000086b49780,0x000000008a100000)
 Metaspace       used 3591K, capacity 4728K, committed 4864K, reserved 1056768K
  class space    used 395K, capacity 424K, committed 512K, reserved 1048576K
}
Event: 2,753 GC heap before
{Heap before GC invocations=4 (full 0):
 PSYoungGen      total 36864K, used 32199K [0x00000000d6f80000, 0x00000000db780000, 0x0000000100000000)
  eden space 31744K, 99% used [0x00000000d6f80000,0x00000000d8e70ee0,0x00000000d8e80000)
  from space 5120K, 10% used [0x00000000d8e80000,0x00000000d8f01020,0x00000000d9380000)
  to   space 5120K, 0% used [0x00000000db280000,0x00000000db280000,0x00000000db780000)
 ParOldGen       total 84992K, used 29989K [0x0000000084e00000, 0x000000008a100000, 0x00000000d6f80000)
  object space 84992K, 35% used [0x0000000084e00000,0x0000000086b49780,0x000000008a100000)
 Metaspace       used 3591K, capacity 4728K, committed 4864K, reserved 1056768K
  class space    used 395K, capacity 424K, committed 512K, reserved 1048576K
Event: 2,763 GC heap after
Heap after GC invocations=4 (full 0):
 PSYoungGen      total 68608K, used 516K [0x00000000d6f80000, 0x00000000db780000, 0x0000000100000000)
  eden space 63488K, 0% used [0x00000000d6f80000,0x00000000d6f80000,0x00000000dad80000)
  from space 5120K, 10% used [0x00000000db280000,0x00000000db301040,0x00000000db780000)
  to   space 5120K, 0% used [0x00000000dad80000,0x00000000dad80000,0x00000000db280000)
 ParOldGen       total 84992K, used 29997K [0x0000000084e00000, 0x000000008a100000, 0x00000000d6f80000)
  object space 84992K, 35% used [0x0000000084e00000,0x0000000086b4b780,0x000000008a100000)
 Metaspace       used 3591K, capacity 4728K, committed 4864K, reserved 1056768K
  class space    used 395K, capacity 424K, committed 512K, reserved 1048576K
}
Event: 3,262 GC heap before
{Heap before GC invocations=5 (full 0):
 PSYoungGen      total 68608K, used 64004K [0x00000000d6f80000, 0x00000000db780000, 0x0000000100000000)
  eden space 63488K, 100% used [0x00000000d6f80000,0x00000000dad80000,0x00000000dad80000)
  from space 5120K, 10% used [0x00000000db280000,0x00000000db301040,0x00000000db780000)
  to   space 5120K, 0% used [0x00000000dad80000,0x00000000dad80000,0x00000000db280000)
 ParOldGen       total 84992K, used 29997K [0x0000000084e00000, 0x000000008a100000, 0x00000000d6f80000)
  object space 84992K, 35% used [0x0000000084e00000,0x0000000086b4b780,0x000000008a100000)
 Metaspace       used 3591K, capacity 4728K, committed 4864K, reserved 1056768K
  class space    used 395K, capacity 424K, committed 512K, reserved 1048576K
Event: 3,341 GC heap after
Heap after GC invocations=5 (full 0):
 PSYoungGen      total 68608K, used 500K [0x00000000d6f80000, 0x00000000dfa80000, 0x0000000100000000)
  eden space 63488K, 0% used [0x00000000d6f80000,0x00000000d6f80000,0x00000000dad80000)
  from space 5120K, 9% used [0x00000000dad80000,0x00000000dadfd030,0x00000000db280000)
  to   space 7680K, 0% used [0x00000000df300000,0x00000000df300000,0x00000000dfa80000)
 ParOldGen       total 84992K, used 66949K [0x0000000084e00000, 0x000000008a100000, 0x00000000d6f80000)
  object space 84992K, 78% used [0x0000000084e00000,0x0000000088f61790,0x000000008a100000)
 Metaspace       used 3591K, capacity 4728K, committed 4864K, reserved 1056768K
  class space    used 395K, capacity 424K, committed 512K, reserved 1048576K
}
Event: 3,341 GC heap before
{Heap before GC invocations=6 (full 1):
 PSYoungGen      total 68608K, used 500K [0x00000000d6f80000, 0x00000000dfa80000, 0x0000000100000000)
  eden space 63488K, 0% used [0x00000000d6f80000,0x00000000d6f80000,0x00000000dad80000)
  from space 5120K, 9% used [0x00000000dad80000,0x00000000dadfd030,0x00000000db280000)
  to   space 7680K, 0% used [0x00000000df300000,0x00000000df300000,0x00000000dfa80000)
 ParOldGen       total 84992K, used 66949K [0x0000000084e00000, 0x000000008a100000, 0x00000000d6f80000)
  object space 84992K, 78% used [0x0000000084e00000,0x0000000088f61790,0x000000008a100000)
 Metaspace       used 3591K, capacity 4728K, committed 4864K, reserved 1056768K
  class space    used 395K, capacity 424K, committed 512K, reserved 1048576K
Event: 3,366 GC heap after
Heap after GC invocations=6 (full 1):
 PSYoungGen      total 68608K, used 0K [0x00000000d6f80000, 0x00000000dfa80000, 0x0000000100000000)
  eden space 63488K, 0% used [0x00000000d6f80000,0x00000000d6f80000,0x00000000dad80000)
  from space 5120K, 0% used [0x00000000dad80000,0x00000000dad80000,0x00000000db280000)
  to   space 7680K, 0% used [0x00000000df300000,0x00000000df300000,0x00000000dfa80000)
 ParOldGen       total 112640K, used 39608K [0x0000000084e00000, 0x000000008bc00000, 0x00000000d6f80000)
  object space 112640K, 35% used [0x0000000084e00000,0x00000000874ae200,0x000000008bc00000)
 Metaspace       used 3591K, capacity 4728K, committed 4864K, reserved 1056768K
  class space    used 395K, capacity 424K, committed 512K, reserved 1048576K
}
Event: 3,963 GC heap before
{Heap before GC invocations=7 (full 1):
 PSYoungGen      total 68608K, used 63488K [0x00000000d6f80000, 0x00000000dfa80000, 0x0000000100000000)
  eden space 63488K, 100% used [0x00000000d6f80000,0x00000000dad80000,0x00000000dad80000)
  from space 5120K, 0% used [0x00000000dad80000,0x00000000dad80000,0x00000000db280000)
  to   space 7680K, 0% used [0x00000000df300000,0x00000000df300000,0x00000000dfa80000)
 ParOldGen       total 112640K, used 39608K [0x0000000084e00000, 0x000000008bc00000, 0x00000000d6f80000)
  object space 112640K, 35% used [0x0000000084e00000,0x00000000874ae200,0x000000008bc00000)
 Metaspace       used 3591K, capacity 4728K, committed 4864K, reserved 1056768K
  class space    used 395K, capacity 424K, committed 512K, reserved 1048576K
Event: 3,964 GC heap after
Heap after GC invocations=7 (full 1):
 PSYoungGen      total 124416K, used 227K [0x00000000d6f80000, 0x00000000df500000, 0x0000000100000000)
  eden space 122368K, 0% used [0x00000000d6f80000,0x00000000d6f80000,0x00000000de700000)
  from space 2048K, 11% used [0x00000000df300000,0x00000000df338c10,0x00000000df500000)
  to   space 7168K, 0% used [0x00000000de700000,0x00000000de700000,0x00000000dee00000)
 ParOldGen       total 112640K, used 39608K [0x0000000084e00000, 0x000000008bc00000, 0x00000000d6f80000)
  object space 112640K, 35% used [0x0000000084e00000,0x00000000874ae200,0x000000008bc00000)
 Metaspace       used 3591K, capacity 4728K, committed 4864K, reserved 1056768K
  class space    used 395K, capacity 424K, committed 512K, reserved 1048576K
}
Event: 4,393 GC heap before
{Heap before GC invocations=8 (full 1):
 PSYoungGen      total 124416K, used 116865K [0x00000000d6f80000, 0x00000000df500000, 0x0000000100000000)
  eden space 122368K, 95% used [0x00000000d6f80000,0x00000000de167a40,0x00000000de700000)
  from space 2048K, 11% used [0x00000000df300000,0x00000000df338c10,0x00000000df500000)
  to   space 7168K, 0% used [0x00000000de700000,0x00000000de700000,0x00000000dee00000)
 ParOldGen       total 112640K, used 39608K [0x0000000084e00000, 0x000000008bc00000, 0x00000000d6f80000)
  object space 112640K, 35% used [0x0000000084e00000,0x00000000874ae200,0x000000008bc00000)
 Metaspace       used 3592K, capacity 4728K, committed 4864K, reserved 1056768K
  class space    used 395K, capacity 424K, committed 512K, reserved 1048576K

Deoptimization events (3 events):
Event: 1,220 Thread 0x00007f30cc00c000 Uncommon trap: reason=unstable_if action=reinterpret pc=0x00007f30bd157584 method=org.kc7bfi.jflac.io.BitInputStream.readRiceSignedBlock([IIII)V @ 255
Event: 2,149 Thread 0x00007f30cc00c000 Uncommon trap: reason=unstable_if action=reinterpret pc=0x00007f30bd1667e4 method=org.kc7bfi.jflac.io.BitInputStream.peekBitToInt(II)I @ 5
Event: 4,385 Thread 0x00007f30cc00c000 Uncommon trap: reason=unstable_if action=reinterpret pc=0x00007f30bd1a82c8 method=org.kc7bfi.jflac.frame.ChannelLPC.<init>(Lorg/kc7bfi/jflac/io/BitInputStream;Lorg/kc7bfi/jflac/frame/Header;Lorg/kc7bfi/jflac/ChannelData;III)V @ 285

Classes redefined (0 events):
No events

Internal exceptions (2 events):
Event: 0,126 Thread 0x00007f30cc00c000 Exception <a 'java/lang/NoSuchMethodError': Method sun.misc.Unsafe.defineClass(Ljava/lang/String;[BII)Ljava/lang/Class; name or signature does not match> (0x00000000d6f87ca0) thrown at [/HUDSON/workspace/8-2-build-linux-amd64/jdk8u162/10278/hotspot/src/sh
Event: 0,126 Thread 0x00007f30cc00c000 Exception <a 'java/lang/NoSuchMethodError': Method sun.misc.Unsafe.prefetchRead(Ljava/lang/Object;J)V name or signature does not match> (0x00000000d6f87f88) thrown at [/HUDSON/workspace/8-2-build-linux-amd64/jdk8u162/10278/hotspot/src/share/vm/prims/jni.c

Events (10 events):
Event: 3,876 Thread 0x00007f30cc00c000 DEOPT PACKING pc=0x00007f30bd194dbe sp=0x00007f30d5226420
Event: 3,876 Thread 0x00007f30cc00c000 DEOPT UNPACKING pc=0x00007f30bd047784 sp=0x00007f30d52261a8 mode 0
Event: 3,963 Executing VM operation: ParallelGCFailedAllocation
Event: 3,964 Executing VM operation: ParallelGCFailedAllocation done
Event: 4,123 Thread 0x00007f30cc00c000 DEOPT PACKING pc=0x00007f30bd150a3e sp=0x00007f30d52263d0
Event: 4,123 Thread 0x00007f30cc00c000 DEOPT UNPACKING pc=0x00007f30bd047784 sp=0x00007f30d5226110 mode 0
Event: 4,385 Thread 0x00007f30cc00c000 Uncommon trap: trap_request=0xffffff65 fr.pc=0x00007f30bd1a82c8
Event: 4,385 Thread 0x00007f30cc00c000 DEOPT PACKING pc=0x00007f30bd1a82c8 sp=0x00007f30d5226380
Event: 4,385 Thread 0x00007f30cc00c000 DEOPT UNPACKING pc=0x00007f30bd04573a sp=0x00007f30d5226368 mode 2
Event: 4,392 Executing VM operation: ParallelGCFailedAllocation


Dynamic libraries:
00400000-00401000 r-xp 00000000 08:05 425915                             /usr/lib/jvm/java-8-jdk/jre/bin/java
00600000-00601000 rw-p 00000000 08:05 425915                             /usr/lib/jvm/java-8-jdk/jre/bin/java
01f79000-01f9a000 rw-p 00000000 00:00 0                                  [heap]
84e00000-94d00000 rw-p 00000000 00:00 0 
94d00000-d6f80000 ---p 00000000 00:00 0 
d6f80000-df500000 rw-p 00000000 00:00 0 
e6700000-100000000 ---p 00000000 00:00 0 
100000000-100080000 rw-p 00000000 00:00 0 
100080000-140000000 ---p 00000000 00:00 0 
7f307c000000-7f307c021000 rw-p 00000000 00:00 0 
7f307c021000-7f3080000000 ---p 00000000 00:00 0 
7f3080000000-7f3080021000 rw-p 00000000 00:00 0 
7f3080021000-7f3084000000 ---p 00000000 00:00 0 
7f3084000000-7f30841fb000 rw-p 00000000 00:00 0 
7f30841fb000-7f3088000000 ---p 00000000 00:00 0 
7f308a402000-7f308a403000 ---p 00000000 00:00 0 
7f308a403000-7f308a503000 rw-p 00000000 00:00 0 
7f308a503000-7f308a506000 ---p 00000000 00:00 0 
7f308a506000-7f308bce8000 rw-p 00000000 00:00 0 
7f308bce8000-7f308bcfe000 r-xp 00000000 08:05 426031                     /usr/lib/jvm/java-8-jdk/jre/lib/amd64/libnet.so
7f308bcfe000-7f308befe000 ---p 00016000 08:05 426031                     /usr/lib/jvm/java-8-jdk/jre/lib/amd64/libnet.so
7f308befe000-7f308beff000 rw-p 00016000 08:05 426031                     /usr/lib/jvm/java-8-jdk/jre/lib/amd64/libnet.so
7f308beff000-7f308bf00000 ---p 00000000 00:00 0 
7f308bf00000-7f308bf03000 ---p 00000000 00:00 0 
7f308bf03000-7f308c000000 rw-p 00000000 00:00 0 
7f308c000000-7f308c149000 rw-p 00000000 00:00 0 
7f308c149000-7f3090000000 ---p 00000000 00:00 0 
7f3090000000-7f30901ed000 rw-p 00000000 00:00 0 
7f30901ed000-7f3094000000 ---p 00000000 00:00 0 
7f3094000000-7f3094021000 rw-p 00000000 00:00 0 
7f3094021000-7f3098000000 ---p 00000000 00:00 0 
7f3098000000-7f3098021000 rw-p 00000000 00:00 0 
7f3098021000-7f309c000000 ---p 00000000 00:00 0 
7f309c000000-7f309c021000 rw-p 00000000 00:00 0 
7f309c021000-7f30a0000000 ---p 00000000 00:00 0 
7f30a0000000-7f30a0021000 rw-p 00000000 00:00 0 
7f30a0021000-7f30a4000000 ---p 00000000 00:00 0 
7f30a4000000-7f30a4021000 rw-p 00000000 00:00 0 
7f30a4021000-7f30a8000000 ---p 00000000 00:00 0 
7f30a8000000-7f30a82b5000 rw-p 00000000 00:00 0 
7f30a82b5000-7f30ac000000 ---p 00000000 00:00 0 
7f30ac000000-7f30ac021000 rw-p 00000000 00:00 0 
7f30ac021000-7f30b0000000 ---p 00000000 00:00 0 
7f30b0000000-7f30b0021000 rw-p 00000000 00:00 0 
7f30b0021000-7f30b4000000 ---p 00000000 00:00 0 
7f30b4000000-7f30b4021000 rw-p 00000000 00:00 0 
7f30b4021000-7f30b8000000 ---p 00000000 00:00 0 
7f30b80d4000-7f30b80fa000 r--p 00000000 08:05 306389                     /usr/share/locale/es/LC_MESSAGES/libc.mo
7f30b80fa000-7f30b80fb000 ---p 00000000 00:00 0 
7f30b80fb000-7f30b80fe000 ---p 00000000 00:00 0 
7f30b80fe000-7f30b81fb000 rw-p 00000000 00:00 0 
7f30b81fb000-7f30b81fc000 ---p 00000000 00:00 0 
7f30b81fc000-7f30b81ff000 ---p 00000000 00:00 0 
7f30b81ff000-7f30b82fc000 rw-p 00000000 00:00 0 
7f30b82fc000-7f30b82ff000 ---p 00000000 00:00 0 
7f30b82ff000-7f30b83fd000 rw-p 00000000 00:00 0 
7f30b83fd000-7f30b83ff000 r--s 0001a000 08:05 362718                     /usr/share/intellijidea-ce/lib/idea_rt.jar
7f30b83ff000-7f30b8402000 r--s 0002b000 08:05 250674                     /home/martin/Dropbox/Java/javaLibs/Music/jflac-1.3.jar
7f30b8402000-7f30b840d000 r--s 00099000 08:05 140034                     /home/martin/Dropbox/Java/javaLibs/Music/jaad-0.8.4.jar
7f30b840d000-7f30b840f000 r--s 00005000 08:05 2232444                    /home/martin/Dropbox/Java/Proyectos/NetBeansProjects/AuCom/dist/AuCom.jar
7f30b840f000-7f30b8411000 r--s 00005000 08:05 139407                     /home/martin/Dropbox/Java/javaLibs/Music/mp3spi1.9.5.jar
7f30b8411000-7f30b8414000 r--s 00017000 08:05 3555469                    /home/martin/Dropbox/Java/javaLibs/Music/jl1.0.1.jar
7f30b8414000-7f30b8415000 r--s 00002000 08:05 140057                     /home/martin/Dropbox/Java/javaLibs/tritonus_jorbis-0.3.6.jar
7f30b8415000-7f30b8417000 r--s 00005000 08:05 139947                     /home/martin/Dropbox/Java/javaLibs/Music/commons-logging-api.jar
7f30b8417000-7f30b8418000 r--s 00001000 08:05 139404                     /home/martin/Dropbox/Java/javaLibs/Music/jogg-0.0.7.jar
7f30b8418000-7f30b841a000 r--s 0000d000 08:05 132044                     /home/martin/Dropbox/Java/javaLibs/Music/jorbis-0.0.15.jar
7f30b841a000-7f30b8420000 r--s 00031000 08:05 139406                     /home/martin/Dropbox/Java/javaLibs/Music/tritonus-share-0.3.7-2.jar
7f30b8420000-7f30b846f000 rw-p 00000000 00:00 0 
7f30b846f000-7f30b8649000 r--s 03d5f000 08:05 476995                     /usr/lib/jvm/default-runtime/jre/lib/rt.jar
7f30b8649000-7f30b865c000 r--s 00345000 08:05 476992                     /usr/lib/jvm/default-runtime/jre/lib/resources.jar
7f30b865c000-7f30b866f000 r--s 000d6000 08:05 477001                     /usr/lib/jvm/default-runtime/jre/lib/plugin.jar
7f30b866f000-7f30b8670000 r--s 00000000 08:05 477004                     /usr/lib/jvm/default-runtime/jre/lib/management-agent.jar
7f30b8670000-7f30b8675000 r--s 0009a000 08:05 476991                     /usr/lib/jvm/default-runtime/jre/lib/jsse.jar
7f30b8675000-7f30b867a000 r--s 00084000 08:05 477008                     /usr/lib/jvm/default-runtime/jre/lib/jfr.jar
7f30b867a000-7f30b867d000 r--s 0001a000 08:05 476989                     /usr/lib/jvm/default-runtime/jre/lib/jce.jar
7f30b867d000-7f30b8686000 r--s 0006d000 08:05 477003                     /usr/lib/jvm/default-runtime/jre/lib/javaws.jar
7f30b8686000-7f30b86a1000 r--s 001d4000 08:05 477085                     /usr/lib/jvm/default-runtime/jre/lib/ext/nashorn.jar
7f30b86a1000-7f30b8736000 r--s 01113000 08:05 477087                     /usr/lib/jvm/default-runtime/jre/lib/ext/jfxrt.jar
7f30b8736000-7f30b87cc000 r--s 0110a000 08:05 426012                     /usr/lib/jvm/java-8-jdk/jre/lib/ext/jfxrt.jar
7f30b87cc000-7f30b87cf000 ---p 00000000 00:00 0 
7f30b87cf000-7f30b88cd000 rw-p 00000000 00:00 0 
7f30b88cd000-7f30b8a68000 r--p 00000000 08:05 383083                     /usr/lib/locale/locale-archive
7f30b8a68000-7f30b8a6b000 ---p 00000000 00:00 0 
7f30b8a6b000-7f30b8b69000 rw-p 00000000 00:00 0 
7f30b8b69000-7f30b8b6c000 ---p 00000000 00:00 0 
7f30b8b6c000-7f30b8c6a000 rw-p 00000000 00:00 0 
7f30b8c6a000-7f30b8c6b000 ---p 00000000 00:00 0 
7f30b8c6b000-7f30bd000000 rw-p 00000000 00:00 0 
7f30bd000000-7f30bd270000 rwxp 00000000 00:00 0 
7f30bd270000-7f30cc000000 ---p 00000000 00:00 0 
7f30cc000000-7f30cc5e5000 rw-p 00000000 00:00 0 
7f30cc5e5000-7f30d0000000 ---p 00000000 00:00 0 
7f30d0000000-7f30d001c000 r--s 00393000 08:05 477088                     /usr/lib/jvm/default-runtime/jre/lib/ext/cldrdata.jar
7f30d001c000-7f30d0038000 r--s 0020b000 08:05 477007                     /usr/lib/jvm/default-runtime/jre/lib/deploy.jar
7f30d0038000-7f30d0a42000 rw-p 00000000 00:00 0 
7f30d0a42000-7f30d0c1b000 r--s 03d65000 08:05 425954                     /usr/lib/jvm/java-8-jdk/jre/lib/rt.jar
7f30d0c1b000-7f30d10d1000 rw-p 00000000 00:00 0 
7f30d10d1000-7f30d1491000 ---p 00000000 00:00 0 
7f30d1491000-7f30d186a000 rw-p 00000000 00:00 0 
7f30d186a000-7f30d186b000 ---p 00000000 00:00 0 
7f30d186b000-7f30d196b000 rw-p 00000000 00:00 0 
7f30d196b000-7f30d196c000 ---p 00000000 00:00 0 
7f30d196c000-7f30d1a6c000 rw-p 00000000 00:00 0 
7f30d1a6c000-7f30d1a6d000 ---p 00000000 00:00 0 
7f30d1a6d000-7f30d1b6d000 rw-p 00000000 00:00 0 
7f30d1b6d000-7f30d1b6e000 ---p 00000000 00:00 0 
7f30d1b6e000-7f30d1cee000 rw-p 00000000 00:00 0 
7f30d1cee000-7f30d1eff000 ---p 00000000 00:00 0 
7f30d1eff000-7f30d1f7f000 rw-p 00000000 00:00 0 
7f30d1f7f000-7f30d218f000 ---p 00000000 00:00 0 
7f30d218f000-7f30d21d3000 rw-p 00000000 00:00 0 
7f30d21d3000-7f30d22d8000 ---p 00000000 00:00 0 
7f30d22d8000-7f30d22e3000 rw-p 00000000 00:00 0 
7f30d22e3000-7f30d2699000 ---p 00000000 00:00 0 
7f30d2699000-7f30d26b4000 r-xp 00000000 08:05 426036                     /usr/lib/jvm/java-8-jdk/jre/lib/amd64/libzip.so
7f30d26b4000-7f30d28b4000 ---p 0001b000 08:05 426036                     /usr/lib/jvm/java-8-jdk/jre/lib/amd64/libzip.so
7f30d28b4000-7f30d28b5000 rw-p 0001b000 08:05 426036                     /usr/lib/jvm/java-8-jdk/jre/lib/amd64/libzip.so
7f30d28b5000-7f30d28c0000 r-xp 00000000 08:05 264356                     /usr/lib/libnss_files-2.26.so
7f30d28c0000-7f30d2abf000 ---p 0000b000 08:05 264356                     /usr/lib/libnss_files-2.26.so
7f30d2abf000-7f30d2ac0000 r--p 0000a000 08:05 264356                     /usr/lib/libnss_files-2.26.so
7f30d2ac0000-7f30d2ac1000 rw-p 0000b000 08:05 264356                     /usr/lib/libnss_files-2.26.so
7f30d2ac1000-7f30d2ac7000 rw-p 00000000 00:00 0 
7f30d2ac7000-7f30d2ad1000 r-xp 00000000 08:05 426026                     /usr/lib/jvm/java-8-jdk/jre/lib/amd64/libinstrument.so
7f30d2ad1000-7f30d2cd0000 ---p 0000a000 08:05 426026                     /usr/lib/jvm/java-8-jdk/jre/lib/amd64/libinstrument.so
7f30d2cd0000-7f30d2cd1000 rw-p 00009000 08:05 426026                     /usr/lib/jvm/java-8-jdk/jre/lib/amd64/libinstrument.so
7f30d2cd1000-7f30d2cfc000 r-xp 00000000 08:05 426042                     /usr/lib/jvm/java-8-jdk/jre/lib/amd64/libjava.so
7f30d2cfc000-7f30d2efb000 ---p 0002b000 08:05 426042                     /usr/lib/jvm/java-8-jdk/jre/lib/amd64/libjava.so
7f30d2efb000-7f30d2efd000 rw-p 0002a000 08:05 426042                     /usr/lib/jvm/java-8-jdk/jre/lib/amd64/libjava.so
7f30d2efd000-7f30d2f0a000 r-xp 00000000 08:05 426037                     /usr/lib/jvm/java-8-jdk/jre/lib/amd64/libverify.so
7f30d2f0a000-7f30d310a000 ---p 0000d000 08:05 426037                     /usr/lib/jvm/java-8-jdk/jre/lib/amd64/libverify.so
7f30d310a000-7f30d310c000 rw-p 0000d000 08:05 426037                     /usr/lib/jvm/java-8-jdk/jre/lib/amd64/libverify.so
7f30d310c000-7f30d3113000 r-xp 00000000 08:05 264345                     /usr/lib/librt-2.26.so
7f30d3113000-7f30d3312000 ---p 00007000 08:05 264345                     /usr/lib/librt-2.26.so
7f30d3312000-7f30d3313000 r--p 00006000 08:05 264345                     /usr/lib/librt-2.26.so
7f30d3313000-7f30d3314000 rw-p 00007000 08:05 264345                     /usr/lib/librt-2.26.so
7f30d3314000-7f30d345f000 r-xp 00000000 08:05 264350                     /usr/lib/libm-2.26.so
7f30d345f000-7f30d365e000 ---p 0014b000 08:05 264350                     /usr/lib/libm-2.26.so
7f30d365e000-7f30d365f000 r--p 0014a000 08:05 264350                     /usr/lib/libm-2.26.so
7f30d365f000-7f30d3660000 rw-p 0014b000 08:05 264350                     /usr/lib/libm-2.26.so
7f30d3660000-7f30d4339000 r-xp 00000000 08:05 541489                     /usr/lib/jvm/java-8-jdk/jre/lib/amd64/server/libjvm.so
7f30d4339000-7f30d4538000 ---p 00cd9000 08:05 541489                     /usr/lib/jvm/java-8-jdk/jre/lib/amd64/server/libjvm.so
7f30d4538000-7f30d4612000 rw-p 00cd8000 08:05 541489                     /usr/lib/jvm/java-8-jdk/jre/lib/amd64/server/libjvm.so
7f30d4612000-7f30d465d000 rw-p 00000000 00:00 0 
7f30d465d000-7f30d480b000 r-xp 00000000 08:05 264421                     /usr/lib/libc-2.26.so
7f30d480b000-7f30d4a0a000 ---p 001ae000 08:05 264421                     /usr/lib/libc-2.26.so
7f30d4a0a000-7f30d4a0e000 r--p 001ad000 08:05 264421                     /usr/lib/libc-2.26.so
7f30d4a0e000-7f30d4a10000 rw-p 001b1000 08:05 264421                     /usr/lib/libc-2.26.so
7f30d4a10000-7f30d4a14000 rw-p 00000000 00:00 0 
7f30d4a14000-7f30d4a17000 r-xp 00000000 08:05 264352                     /usr/lib/libdl-2.26.so
7f30d4a17000-7f30d4c16000 ---p 00003000 08:05 264352                     /usr/lib/libdl-2.26.so
7f30d4c16000-7f30d4c17000 r--p 00002000 08:05 264352                     /usr/lib/libdl-2.26.so
7f30d4c17000-7f30d4c18000 rw-p 00003000 08:05 264352                     /usr/lib/libdl-2.26.so
7f30d4c18000-7f30d4c2e000 r-xp 00000000 08:05 674946                     /usr/lib/jvm/java-8-jdk/jre/lib/amd64/jli/libjli.so
7f30d4c2e000-7f30d4e2d000 ---p 00016000 08:05 674946                     /usr/lib/jvm/java-8-jdk/jre/lib/amd64/jli/libjli.so
7f30d4e2d000-7f30d4e2e000 rw-p 00015000 08:05 674946                     /usr/lib/jvm/java-8-jdk/jre/lib/amd64/jli/libjli.so
7f30d4e2e000-7f30d4e47000 r-xp 00000000 08:05 264442                     /usr/lib/libpthread-2.26.so
7f30d4e47000-7f30d5046000 ---p 00019000 08:05 264442                     /usr/lib/libpthread-2.26.so
7f30d5046000-7f30d5047000 r--p 00018000 08:05 264442                     /usr/lib/libpthread-2.26.so
7f30d5047000-7f30d5048000 rw-p 00019000 08:05 264442                     /usr/lib/libpthread-2.26.so
7f30d5048000-7f30d504c000 rw-p 00000000 00:00 0 
7f30d504c000-7f30d5071000 r-xp 00000000 08:05 264422                     /usr/lib/ld-2.26.so
7f30d5071000-7f30d5073000 r--s 00007000 08:05 476988                     /usr/lib/jvm/default-runtime/jre/lib/jfxswt.jar
7f30d5073000-7f30d5076000 r--s 0003a000 08:05 477083                     /usr/lib/jvm/default-runtime/jre/lib/ext/sunpkcs11.jar
7f30d5076000-7f30d507b000 r--s 0003e000 08:05 477080                     /usr/lib/jvm/default-runtime/jre/lib/ext/sunjce_provider.jar
7f30d507b000-7f30d507d000 r--s 00009000 08:05 477090                     /usr/lib/jvm/default-runtime/jre/lib/ext/sunec.jar
7f30d507d000-7f30d5127000 rw-p 00000000 00:00 0 
7f30d5127000-7f30d5128000 ---p 00000000 00:00 0 
7f30d5128000-7f30d512b000 ---p 00000000 00:00 0 
7f30d512b000-7f30d522c000 rw-p 00000000 00:00 0 
7f30d522c000-7f30d522d000 r--s 00010000 08:05 477084                     /usr/lib/jvm/default-runtime/jre/lib/ext/zipfs.jar
7f30d522d000-7f30d5237000 r--s 00116000 08:05 477081                     /usr/lib/jvm/default-runtime/jre/lib/ext/localedata.jar
7f30d5237000-7f30d5238000 r--s 0000a000 08:05 477086                     /usr/lib/jvm/default-runtime/jre/lib/ext/jaccess.jar
7f30d5238000-7f30d523a000 r--s 00001000 08:05 477089                     /usr/lib/jvm/default-runtime/jre/lib/ext/dnsns.jar
7f30d523a000-7f30d523f000 r--s 002f9000 08:05 476997                     /usr/lib/jvm/default-runtime/jre/lib/charsets.jar
7f30d523f000-7f30d526f000 rw-p 00000000 00:00 0 
7f30d526f000-7f30d5270000 ---p 00000000 00:00 0 
7f30d5270000-7f30d5271000 r--p 00024000 08:05 264422                     /usr/lib/ld-2.26.so
7f30d5271000-7f30d5272000 rw-p 00025000 08:05 264422                     /usr/lib/ld-2.26.so
7f30d5272000-7f30d5273000 rw-p 00000000 00:00 0 
7ffeca8d1000-7ffeca8f2000 rw-p 00000000 00:00 0                          [stack]
7ffeca99d000-7ffeca9a0000 r--p 00000000 00:00 0                          [vvar]
7ffeca9a0000-7ffeca9a2000 r-xp 00000000 00:00 0                          [vdso]

VM Arguments:
jvm_args: -javaagent:/usr/share/intellijidea-ce/lib/idea_rt.jar=44849:/usr/share/intellijidea-ce/bin -Dfile.encoding=UTF-8 
java_command: org.orangeplayer.audio.formats.FlacTrack
java_class_path (initial): /usr/lib/jvm/default-runtime/jre/lib/charsets.jar:/usr/lib/jvm/default-runtime/jre/lib/deploy.jar:/usr/lib/jvm/default-runtime/jre/lib/ext/cldrdata.jar:/usr/lib/jvm/default-runtime/jre/lib/ext/dnsns.jar:/usr/lib/jvm/default-runtime/jre/lib/ext/jaccess.jar:/usr/lib/jvm/default-runtime/jre/lib/ext/jfxrt.jar:/usr/lib/jvm/default-runtime/jre/lib/ext/localedata.jar:/usr/lib/jvm/default-runtime/jre/lib/ext/nashorn.jar:/usr/lib/jvm/default-runtime/jre/lib/ext/sunec.jar:/usr/lib/jvm/default-runtime/jre/lib/ext/sunjce_provider.jar:/usr/lib/jvm/default-runtime/jre/lib/ext/sunpkcs11.jar:/usr/lib/jvm/default-runtime/jre/lib/ext/zipfs.jar:/usr/lib/jvm/default-runtime/jre/lib/javaws.jar:/usr/lib/jvm/default-runtime/jre/lib/jce.jar:/usr/lib/jvm/default-runtime/jre/lib/jfr.jar:/usr/lib/jvm/default-runtime/jre/lib/jfxswt.jar:/usr/lib/jvm/default-runtime/jre/lib/jsse.jar:/usr/lib/jvm/default-runtime/jre/lib/management-agent.jar:/usr/lib/jvm/default-runtime/jre/lib/plugin.jar:/usr/lib/jvm/default-runtime/jre/lib/resources.jar:/usr/lib/jvm/default-runtime/jre/lib/rt.jar:/home/martin/Dropbox/Java/Proyectos/IntelliJ/OrangePlayer/out/production/OrangePlayer:/home/martin/Dropbox/Java/javaLibs/Music/tritonus-share-0.3.7-2.jar:/home/martin/Dropbox/Java/javaLibs/Music/jorbis-0.0.15.jar:/home/martin/Dropbox/Java/javaLibs/Music/jogg-0.0.7.jar:/home/martin/Dropbox/Java/javaLibs/Music/commons-logging-api.jar:/home/martin/Dropbox/Java/javaLibs/tritonus_jorbis-0.3.6.jar:/home/martin/Dropbox/Java/javaLibs/Music/jl1.0.1.jar:/home/martin/Dropbox/Java/javaLibs/Music/mp3spi1.9.5.jar:/home/martin/Dropbox/Java/Proyectos/NetBeansProjects/AuCom/dist/AuCom.jar:/home/martin/Dropbox/Java/javaLibs/Music/jaad-0.8.4.jar:/home/martin/Dropbox/Java/javaLibs/Music/jflac-1.3.jar:/usr/share/intellijidea-ce/lib/idea_rt.jar
Launcher Type: SUN_STANDARD

Environment Variables:
PATH=/usr/local/sbin:/usr/local/bin:/usr/bin:/opt/android-sdk/platform-tools:/opt/android-sdk/tools:/opt/android-sdk/tools/bin:/usr/lib/jvm/default/bin:/usr/bin/site_perl:/usr/bin/vendor_perl:/usr/bin/core_perl
SHELL=/bin/bash
DISPLAY=:0

Signal Handlers:
SIGSEGV: [libjvm.so+0xad03c0], sa_mask[0]=11111111011111111101111111111110, sa_flags=SA_RESTART|SA_SIGINFO
SIGBUS: [libjvm.so+0xad03c0], sa_mask[0]=11111111011111111101111111111110, sa_flags=SA_RESTART|SA_SIGINFO
SIGFPE: [libjvm.so+0x928210], sa_mask[0]=11111111011111111101111111111110, sa_flags=SA_RESTART|SA_SIGINFO
SIGPIPE: [libjvm.so+0x928210], sa_mask[0]=11111111011111111101111111111110, sa_flags=SA_RESTART|SA_SIGINFO
SIGXFSZ: [libjvm.so+0x928210], sa_mask[0]=11111111011111111101111111111110, sa_flags=SA_RESTART|SA_SIGINFO
SIGILL: [libjvm.so+0x928210], sa_mask[0]=11111111011111111101111111111110, sa_flags=SA_RESTART|SA_SIGINFO
SIGUSR1: SIG_DFL, sa_mask[0]=00000000000000000000000000000000, sa_flags=none
SIGUSR2: [libjvm.so+0x929a70], sa_mask[0]=00100000000000000000000000000000, sa_flags=SA_RESTART|SA_SIGINFO
SIGHUP: [libjvm.so+0x92ae70], sa_mask[0]=11111111011111111101111111111110, sa_flags=SA_RESTART|SA_SIGINFO
SIGINT: [libjvm.so+0x92ae70], sa_mask[0]=11111111011111111101111111111110, sa_flags=SA_RESTART|SA_SIGINFO
SIGTERM: [libjvm.so+0x92ae70], sa_mask[0]=11111111011111111101111111111110, sa_flags=SA_RESTART|SA_SIGINFO
SIGQUIT: [libjvm.so+0x92ae70], sa_mask[0]=11111111011111111101111111111110, sa_flags=SA_RESTART|SA_SIGINFO


---------------  S Y S T E M  ---------------

OS:NAME="Arch Linux"
PRETTY_NAME="Arch Linux"
ID=arch
ID_LIKE=archlinux
ANSI_COLOR="0;36"
HOME_URL="https://www.archlinux.org/"
SUPPORT_URL="https://bbs.archlinux.org/"
BUG_REPORT_URL="https://bugs.archlinux.org/"

uname:Linux 4.16.3-1-ARCH #1 SMP PREEMPT Thu Apr 19 09:17:56 UTC 2018 x86_64
libc:glibc 2.26 NPTL 2.26 
rlimit: STACK 8192k, CORE infinity, NPROC 31453, NOFILE 500000, AS infinity
load average:5,75 7,78 6,25

/proc/meminfo:
MemTotal:        8065172 kB
MemFree:          106344 kB
MemAvailable:      33108 kB
Buffers:             724 kB
Cached:          4579584 kB
SwapCached:            0 kB
Active:          6860420 kB
Inactive:         760376 kB
Active(anon):    6849212 kB
Inactive(anon):   744632 kB
Active(file):      11208 kB
Inactive(file):    15744 kB
Unevictable:           0 kB
Mlocked:               0 kB
SwapTotal:             0 kB
SwapFree:              0 kB
Dirty:                36 kB
Writeback:             0 kB
AnonPages:       3040772 kB
Mapped:           334496 kB
Shmem:           4553220 kB
Slab:             195452 kB
SReclaimable:     102572 kB
SUnreclaim:        92880 kB
KernelStack:       12336 kB
PageTables:        51316 kB
NFS_Unstable:          0 kB
Bounce:                0 kB
WritebackTmp:          0 kB
CommitLimit:     4032584 kB
Committed_AS:   13212072 kB
VmallocTotal:   34359738367 kB
VmallocUsed:           0 kB
VmallocChunk:          0 kB
HardwareCorrupted:     0 kB
AnonHugePages:         0 kB
ShmemHugePages:        0 kB
ShmemPmdMapped:        0 kB
HugePages_Total:       0
HugePages_Free:        0
HugePages_Rsvd:        0
HugePages_Surp:        0
Hugepagesize:       2048 kB
Hugetlb:               0 kB
DirectMap4k:      217856 kB
DirectMap2M:     8065024 kB
DirectMap1G:     1048576 kB


CPU:total 4 (initial active 4) (2 cores per cpu, 2 threads per core) family 6 model 69 stepping 1, cmov, cx8, fxsr, mmx, sse, sse2, sse3, ssse3, sse4.1, sse4.2, popcnt, avx, avx2, aes, clmul, erms, lzcnt, ht, tsc, tscinvbit, bmi1, bmi2

/proc/cpuinfo:
processor	: 0
vendor_id	: GenuineIntel
cpu family	: 6
model		: 69
model name	: Intel(R) Core(TM) i3-4005U CPU @ 1.70GHz
stepping	: 1
microcode	: 0x23
cpu MHz		: 1596.356
cache size	: 3072 KB
physical id	: 0
siblings	: 4
core id		: 0
cpu cores	: 2
apicid		: 0
initial apicid	: 0
fpu		: yes
fpu_exception	: yes
cpuid level	: 13
wp		: yes
flags		: fpu vme de pse tsc msr pae mce cx8 apic sep mtrr pge mca cmov pat pse36 clflush dts acpi mmx fxsr sse sse2 ss ht tm pbe syscall nx pdpe1gb rdtscp lm constant_tsc arch_perfmon pebs bts rep_good nopl xtopology nonstop_tsc cpuid aperfmperf pni pclmulqdq dtes64 monitor ds_cpl vmx est tm2 ssse3 sdbg fma cx16 xtpr pdcm pcid sse4_1 sse4_2 movbe popcnt tsc_deadline_timer aes xsave avx f16c rdrand lahf_lm abm cpuid_fault epb invpcid_single pti tpr_shadow vnmi flexpriority ept vpid fsgsbase tsc_adjust bmi1 avx2 smep bmi2 erms invpcid xsaveopt ibpb ibrs stibp dtherm arat pln pts
bugs		: cpu_meltdown spectre_v1 spectre_v2
bogomips	: 3393.58
clflush size	: 64
cache_alignment	: 64
address sizes	: 39 bits physical, 48 bits virtual
power management:

processor	: 1
vendor_id	: GenuineIntel
cpu family	: 6
model		: 69
model name	: Intel(R) Core(TM) i3-4005U CPU @ 1.70GHz
stepping	: 1
microcode	: 0x23
cpu MHz		: 1596.348
cache size	: 3072 KB
physical id	: 0
siblings	: 4
core id		: 0
cpu cores	: 2
apicid		: 1
initial apicid	: 1
fpu		: yes
fpu_exception	: yes
cpuid level	: 13
wp		: yes
flags		: fpu vme de pse tsc msr pae mce cx8 apic sep mtrr pge mca cmov pat pse36 clflush dts acpi mmx fxsr sse sse2 ss ht tm pbe syscall nx pdpe1gb rdtscp lm constant_tsc arch_perfmon pebs bts rep_good nopl xtopology nonstop_tsc cpuid aperfmperf pni pclmulqdq dtes64 monitor ds_cpl vmx est tm2 ssse3 sdbg fma cx16 xtpr pdcm pcid sse4_1 sse4_2 movbe popcnt tsc_deadline_timer aes xsave avx f16c rdrand lahf_lm abm cpuid_fault epb invpcid_single pti tpr_shadow vnmi flexpriority ept vpid fsgsbase tsc_adjust bmi1 avx2 smep bmi2 erms invpcid xsaveopt ibpb ibrs stibp dtherm arat pln pts
bugs		: cpu_meltdown spectre_v1 spectre_v2
bogomips	: 3393.58
clflush size	: 64
cache_alignment	: 64
address sizes	: 39 bits physical, 48 bits virtual
power management:

processor	: 2
vendor_id	: GenuineIntel
cpu family	: 6
model		: 69
model name	: Intel(R) Core(TM) i3-4005U CPU @ 1.70GHz
stepping	: 1
microcode	: 0x23
cpu MHz		: 1596.346
cache size	: 3072 KB
physical id	: 0
siblings	: 4
core id		: 1
cpu cores	: 2
apicid		: 2
initial apicid	: 2
fpu		: yes
fpu_exception	: yes
cpuid level	: 13
wp		: yes
flags		: fpu vme de pse tsc msr pae mce cx8 apic sep mtrr pge mca cmov pat pse36 clflush dts acpi mmx fxsr sse sse2 ss ht tm pbe syscall nx pdpe1gb rdtscp lm constant_tsc arch_perfmon pebs bts rep_good nopl xtopology nonstop_tsc cpuid aperfmperf pni pclmulqdq dtes64 monitor ds_cpl vmx est tm2 ssse3 sdbg fma cx16 xtpr pdcm pcid sse4_1 sse4_2 movbe popcnt tsc_deadline_timer aes xsave avx f16c rdrand lahf_lm abm cpuid_fault epb invpcid_single pti tpr_shadow vnmi flexpriority ept vpid fsgsbase tsc_adjust bmi1 avx2 smep bmi2 erms invpcid xsaveopt ibpb ibrs stibp dtherm arat pln pts
bugs		: cpu_meltdown spectre_v1 spectre_v2
bogomips	: 3393.58
clflush size	: 64
cache_alignment	: 64
address sizes	: 39 bits physical, 48 bits virtual
power management:

processor	: 3
vendor_id	: GenuineIntel
cpu family	: 6
model		: 69
model name	: Intel(R) Core(TM) i3-4005U CPU @ 1.70GHz
stepping	: 1
microcode	: 0x23
cpu MHz		: 1596.345
cache size	: 3072 KB
physical id	: 0
siblings	: 4
core id		: 1
cpu cores	: 2
apicid		: 3
initial apicid	: 3
fpu		: yes
fpu_exception	: yes
cpuid level	: 13
wp		: yes
flags		: fpu vme de pse tsc msr pae mce cx8 apic sep mtrr pge mca cmov pat pse36 clflush dts acpi mmx fxsr sse sse2 ss ht tm pbe syscall nx pdpe1gb rdtscp lm constant_tsc arch_perfmon pebs bts rep_good nopl xtopology nonstop_tsc cpuid aperfmperf pni pclmulqdq dtes64 monitor ds_cpl vmx est tm2 ssse3 sdbg fma cx16 xtpr pdcm pcid sse4_1 sse4_2 movbe popcnt tsc_deadline_timer aes xsave avx f16c rdrand lahf_lm abm cpuid_fault epb invpcid_single pti tpr_shadow vnmi flexpriority ept vpid fsgsbase tsc_adjust bmi1 avx2 smep bmi2 erms invpcid xsaveopt ibpb ibrs stibp dtherm arat pln pts
bugs		: cpu_meltdown spectre_v1 spectre_v2
bogomips	: 3393.58
clflush size	: 64
cache_alignment	: 64
address sizes	: 39 bits physical, 48 bits virtual
power management:



Memory: 4k page, physical 8065172k(107184k free), swap 0k(0k free)

vm_info: Java HotSpot(TM) 64-Bit Server VM (25.162-b12) for linux-amd64 JRE (1.8.0_162-b12), built on Dec 19 2017 21:15:48 by "java_re" with gcc 4.3.0 20080428 (Red Hat 4.3.0-8)

time: Sun Apr 22 19:12:44 2018
elapsed time: 4 seconds (0d 0h 0m 4s)

